This is pdfTeX, Version 3.141592653-2.6-1.40.26 (TeX Live 2024) (preloaded format=pdflatex 2024.4.23)  27 JUN 2024 22:23
entering extended mode
 restricted \write18 enabled.
 file:line:error style messages enabled.
 %&-line parsing enabled.
**c:/Users/viklund/Projects/thesis/doc/thesis.tex
(c:/Users/viklund/Projects/thesis/doc/thesis.tex
LaTeX2e <2023-11-01> patch level 1
L3 programming layer <2024-03-14>
(c:/texlive/2024/texmf-dist/tex/latex/base/report.cls
Document Class: report 2023/05/17 v1.4n Standard LaTeX document class
(c:/texlive/2024/texmf-dist/tex/latex/base/size12.clo
File: size12.clo 2023/05/17 v1.4n Standard LaTeX file (size option)
)
\c@part=\count188
\c@chapter=\count189
\c@section=\count190
\c@subsection=\count191
\c@subsubsection=\count192
\c@paragraph=\count193
\c@subparagraph=\count194
\c@figure=\count195
\c@table=\count196
\abovecaptionskip=\skip48
\belowcaptionskip=\skip49
\bibindent=\dimen140
) (c:/texlive/2024/texmf-dist/tex/latex/base/inputenc.sty
Package: inputenc 2021/02/14 v1.3d Input encoding file
\inpenc@prehook=\toks17
\inpenc@posthook=\toks18
) (c:/texlive/2024/texmf-dist/tex/latex/geometry/geometry.sty
Package: geometry 2020/01/02 v5.9 Page Geometry
 (c:/texlive/2024/texmf-dist/tex/latex/graphics/keyval.sty
Package: keyval 2022/05/29 v1.15 key=value parser (DPC)
\KV@toks@=\toks19
) (c:/texlive/2024/texmf-dist/tex/generic/iftex/ifvtex.sty
Package: ifvtex 2019/10/25 v1.7 ifvtex legacy package. Use iftex instead.
 (c:/texlive/2024/texmf-dist/tex/generic/iftex/iftex.sty
Package: iftex 2022/02/03 v1.0f TeX engine tests
))
\Gm@cnth=\count197
\Gm@cntv=\count198
\c@Gm@tempcnt=\count199
\Gm@bindingoffset=\dimen141
\Gm@wd@mp=\dimen142
\Gm@odd@mp=\dimen143
\Gm@even@mp=\dimen144
\Gm@layoutwidth=\dimen145
\Gm@layoutheight=\dimen146
\Gm@layouthoffset=\dimen147
\Gm@layoutvoffset=\dimen148
\Gm@dimlist=\toks20
) (c:/texlive/2024/texmf-dist/tex/latex/siunitx/siunitx.sty
Package: siunitx 2024-04-15 v3.3.14 A comprehensive (SI) units package
\l__siunitx_number_uncert_offset_int=\count266
\l__siunitx_number_exponent_fixed_int=\count267
\l__siunitx_number_min_decimal_int=\count268
\l__siunitx_number_min_integer_int=\count269
\l__siunitx_number_round_precision_int=\count270
\l__siunitx_number_lower_threshold_int=\count271
\l__siunitx_number_upper_threshold_int=\count272
\l__siunitx_number_group_first_int=\count273
\l__siunitx_number_group_size_int=\count274
\l__siunitx_number_group_minimum_int=\count275
\l__siunitx_angle_tmp_dim=\dimen149
\l__siunitx_angle_marker_box=\box51
\l__siunitx_angle_unit_box=\box52
\l__siunitx_compound_count_int=\count276
 (c:/texlive/2024/texmf-dist/tex/latex/translations/translations.sty
Package: translations 2022/02/05 v1.12 internationalization of LaTeX2e packages (CN)
 (c:/texlive/2024/texmf-dist/tex/latex/etoolbox/etoolbox.sty
Package: etoolbox 2020/10/05 v2.5k e-TeX tools for LaTeX (JAW)
\etb@tempcnta=\count277
) (c:/texlive/2024/texmf-dist/tex/generic/pdftexcmds/pdftexcmds.sty
Package: pdftexcmds 2020-06-27 v0.33 Utility functions of pdfTeX for LuaTeX (HO)
 (c:/texlive/2024/texmf-dist/tex/generic/infwarerr/infwarerr.sty
Package: infwarerr 2019/12/03 v1.5 Providing info/warning/error messages (HO)
) (c:/texlive/2024/texmf-dist/tex/generic/ltxcmds/ltxcmds.sty
Package: ltxcmds 2023-12-04 v1.26 LaTeX kernel commands for general use (HO)
)
Package pdftexcmds Info: \pdf@primitive is available.
Package pdftexcmds Info: \pdf@ifprimitive is available.
Package pdftexcmds Info: \pdfdraftmode found.
)) (c:/texlive/2024/texmf-dist/tex/latex/amsmath/amstext.sty
Package: amstext 2021/08/26 v2.01 AMS text
 (c:/texlive/2024/texmf-dist/tex/latex/amsmath/amsgen.sty
File: amsgen.sty 1999/11/30 v2.0 generic functions
\@emptytoks=\toks21
\ex@=\dimen150
))
\l__siunitx_table_tmp_box=\box53
\l__siunitx_table_tmp_dim=\dimen151
\l__siunitx_table_column_width_dim=\dimen152
\l__siunitx_table_integer_box=\box54
\l__siunitx_table_decimal_box=\box55
\l__siunitx_table_uncert_box=\box56
\l__siunitx_table_before_box=\box57
\l__siunitx_table_after_box=\box58
\l__siunitx_table_before_dim=\dimen153
\l__siunitx_table_carry_dim=\dimen154
\l__siunitx_unit_tmp_int=\count278
\l__siunitx_unit_position_int=\count279
\l__siunitx_unit_total_int=\count280
 (c:/texlive/2024/texmf-dist/tex/latex/tools/array.sty
Package: array 2023/10/16 v2.5g Tabular extension package (FMi)
\col@sep=\dimen155
\ar@mcellbox=\box59
\extrarowheight=\dimen156
\NC@list=\toks22
\extratabsurround=\skip50
\backup@length=\skip51
\ar@cellbox=\box60
)) (c:/texlive/2024/texmf-dist/tex/latex/graphics/graphicx.sty
Package: graphicx 2021/09/16 v1.2d Enhanced LaTeX Graphics (DPC,SPQR)
 (c:/texlive/2024/texmf-dist/tex/latex/graphics/graphics.sty
Package: graphics 2022/03/10 v1.4e Standard LaTeX Graphics (DPC,SPQR)
 (c:/texlive/2024/texmf-dist/tex/latex/graphics/trig.sty
Package: trig 2021/08/11 v1.11 sin cos tan (DPC)
) (c:/texlive/2024/texmf-dist/tex/latex/graphics-cfg/graphics.cfg
File: graphics.cfg 2016/06/04 v1.11 sample graphics configuration
)
Package graphics Info: Driver file: pdftex.def on input line 107.
 (c:/texlive/2024/texmf-dist/tex/latex/graphics-def/pdftex.def
File: pdftex.def 2024/04/13 v1.2c Graphics/color driver for pdftex
))
\Gin@req@height=\dimen157
\Gin@req@width=\dimen158
)
Package translations Info: No language package found. I am going to use `english' as default language. on input line 9.
 (c:/texlive/2024/texmf-dist/tex/latex/graphics/color.sty
Package: color 2022/01/06 v1.3d Standard LaTeX Color (DPC)
 (c:/texlive/2024/texmf-dist/tex/latex/graphics-cfg/color.cfg
File: color.cfg 2016/01/02 v1.6 sample color configuration
)
Package color Info: Driver file: pdftex.def on input line 149.
 (c:/texlive/2024/texmf-dist/tex/latex/graphics/mathcolor.ltx)) (c:/texlive/2024/texmf-dist/tex/latex/l3backend/l3backend-pdftex.def
File: l3backend-pdftex.def 2024-03-14 L3 backend support: PDF output (pdfTeX)
\l__color_backend_stack_int=\count281
\l__pdf_internal_box=\box61
) (./thesis.aux

LaTeX Warning: Label `sec:Introduction' multiply defined.


LaTeX Warning: Label `sec:Discussion' multiply defined.


LaTeX Warning: Label `sec:Conclusion' multiply defined.

)
\openout1 = `thesis.aux'.

LaTeX Font Info:    Checking defaults for OML/cmm/m/it on input line 9.
LaTeX Font Info:    ... okay on input line 9.
LaTeX Font Info:    Checking defaults for OMS/cmsy/m/n on input line 9.
LaTeX Font Info:    ... okay on input line 9.
LaTeX Font Info:    Checking defaults for OT1/cmr/m/n on input line 9.
LaTeX Font Info:    ... okay on input line 9.
LaTeX Font Info:    Checking defaults for T1/cmr/m/n on input line 9.
LaTeX Font Info:    ... okay on input line 9.
LaTeX Font Info:    Checking defaults for TS1/cmr/m/n on input line 9.
LaTeX Font Info:    ... okay on input line 9.
LaTeX Font Info:    Checking defaults for OMX/cmex/m/n on input line 9.
LaTeX Font Info:    ... okay on input line 9.
LaTeX Font Info:    Checking defaults for U/cmr/m/n on input line 9.
LaTeX Font Info:    ... okay on input line 9.

*geometry* driver: auto-detecting
*geometry* detected driver: pdftex
*geometry* verbose mode - [ preamble ] result:
* driver: pdftex
* paper: a4paper
* layout: <same size as paper>
* layoutoffset:(h,v)=(0.0pt,0.0pt)
* modes: 
* h-part:(L,W,R)=(72.26999pt, 452.9679pt, 72.26999pt)
* v-part:(T,H,B)=(72.26999pt, 700.50687pt, 72.26999pt)
* \paperwidth=597.50787pt
* \paperheight=845.04684pt
* \textwidth=452.9679pt
* \textheight=700.50687pt
* \oddsidemargin=0.0pt
* \evensidemargin=0.0pt
* \topmargin=-37.0pt
* \headheight=12.0pt
* \headsep=25.0pt
* \topskip=12.0pt
* \footskip=30.0pt
* \marginparwidth=44.0pt
* \marginparsep=10.0pt
* \columnsep=10.0pt
* \skip\footins=10.8pt plus 4.0pt minus 2.0pt
* \hoffset=0.0pt
* \voffset=0.0pt
* \mag=1000
* \@twocolumnfalse
* \@twosidefalse
* \@mparswitchfalse
* \@reversemarginfalse
* (1in=72.27pt=25.4mm, 1cm=28.453pt)

(c:/texlive/2024/texmf-dist/tex/latex/translations/translations-basic-dictionary-english.trsl
File: translations-basic-dictionary-english.trsl (english translation file `translations-basic-dictionary')
)
Package translations Info: loading dictionary `translations-basic-dictionary' for `english'. on input line 9.
 (c:/texlive/2024/texmf-dist/tex/context/base/mkii/supp-pdf.mkii
[Loading MPS to PDF converter (version 2006.09.02).]
\scratchcounter=\count282
\scratchdimen=\dimen159
\scratchbox=\box62
\nofMPsegments=\count283
\nofMParguments=\count284
\everyMPshowfont=\toks23
\MPscratchCnt=\count285
\MPscratchDim=\dimen160
\MPnumerator=\count286
\makeMPintoPDFobject=\count287
\everyMPtoPDFconversion=\toks24
) (c:/texlive/2024/texmf-dist/tex/latex/epstopdf-pkg/epstopdf-base.sty
Package: epstopdf-base 2020-01-24 v2.11 Base part for package epstopdf
Package epstopdf-base Info: Redefining graphics rule for `.eps' on input line 485.
 (c:/texlive/2024/texmf-dist/tex/latex/latexconfig/epstopdf-sys.cfg
File: epstopdf-sys.cfg 2010/07/13 v1.3 Configuration of (r)epstopdf for TeX Live
)) [1

{c:/texlive/2024/texmf-var/fonts/map/pdftex/updmap/pdftex.map}] [1] [1]
Chapter 1.
(./chapters/mechpol/src/content.tex
LaTeX Font Info:    External font `cmex10' loaded for size
(Font)              <12> on input line 5.
LaTeX Font Info:    External font `cmex10' loaded for size
(Font)              <8> on input line 5.
LaTeX Font Info:    External font `cmex10' loaded for size
(Font)              <6> on input line 5.
 [1

{c:/texlive/2024/texmf-dist/fonts/enc/dvips/cm-super/cm-super-ts1.enc}] [2]
<chapters/mechpol/src/../doc/figs/Coupon_Cavity.png, id=22, 244.72429pt x 227.6505pt>
File: chapters/mechpol/src/../doc/figs/Coupon_Cavity.png Graphic file (type png)
<use chapters/mechpol/src/../doc/figs/Coupon_Cavity.png>
Package pdftex.def Info: chapters/mechpol/src/../doc/figs/Coupon_Cavity.png  used on input line 47.
(pdftex.def)             Requested size: 452.9679pt x 421.3726pt.
LaTeX Font Info:    External font `cmex10' loaded for size
(Font)              <14.4> on input line 53.
LaTeX Font Info:    External font `cmex10' loaded for size
(Font)              <7> on input line 53.
 [3]
<chapters/mechpol/src/../doc/figs/Optical_Surface_Profiles.png, id=29, 221.98935pt x 569.0058pt>
File: chapters/mechpol/src/../doc/figs/Optical_Surface_Profiles.png Graphic file (type png)
<use chapters/mechpol/src/../doc/figs/Optical_Surface_Profiles.png>
Package pdftex.def Info: chapters/mechpol/src/../doc/figs/Optical_Surface_Profiles.png  used on input line 64.
(pdftex.def)             Requested size: 362.37569pt x 928.92122pt.


LaTeX Warning: Float too large for page by 298.74767pt on input line 67.

<chapters/mechpol/src/../doc/figs/Surface_Roughness_Graph.png, id=30, 244.63396pt x 455.18056pt>
File: chapters/mechpol/src/../doc/figs/Surface_Roughness_Graph.png Graphic file (type png)
<use chapters/mechpol/src/../doc/figs/Surface_Roughness_Graph.png>
Package pdftex.def Info: chapters/mechpol/src/../doc/figs/Surface_Roughness_Graph.png  used on input line 74.
(pdftex.def)             Requested size: 362.37569pt x 674.27481pt.

LaTeX Warning: Float too large for page by 58.60126pt on input line 77.

<chapters/mechpol/src/../doc/figs/Material_Removal_Graph.png, id=31, 241.02045pt x 220.48372pt>
File: chapters/mechpol/src/../doc/figs/Material_Removal_Graph.png Graphic file (type png)
<use chapters/mechpol/src/../doc/figs/Material_Removal_Graph.png>
Package pdftex.def Info: chapters/mechpol/src/../doc/figs/Material_Removal_Graph.png  used on input line 84.
(pdftex.def)             Requested size: 362.37569pt x 331.52545pt.
<chapters/mechpol/src/../doc/figs/SEM_Images.png, id=32, 227.6505pt x 162.1257pt>
File: chapters/mechpol/src/../doc/figs/SEM_Images.png Graphic file (type png)
<use chapters/mechpol/src/../doc/figs/SEM_Images.png>
Package pdftex.def Info: chapters/mechpol/src/../doc/figs/SEM_Images.png  used on input line 108.
(pdftex.def)             Requested size: 362.37569pt x 258.10023pt.
[4]
<chapters/mechpol/src/../doc/figs/Sample_Surface_Scratches.png, id=37, 244.63396pt x 345.6915pt>
File: chapters/mechpol/src/../doc/figs/Sample_Surface_Scratches.png Graphic file (type png)
<use chapters/mechpol/src/../doc/figs/Sample_Surface_Scratches.png>
Package pdftex.def Info: chapters/mechpol/src/../doc/figs/Sample_Surface_Scratches.png  used on input line 118.
(pdftex.def)             Requested size: 362.37569pt x 512.08485pt.
<chapters/mechpol/src/../doc/figs/Sample_Surface_Damage_Layer.png, id=38, 244.63396pt x 489.38835pt>
File: chapters/mechpol/src/../doc/figs/Sample_Surface_Damage_Layer.png Graphic file (type png)
<use chapters/mechpol/src/../doc/figs/Sample_Surface_Damage_Layer.png>
Package pdftex.def Info: chapters/mechpol/src/../doc/figs/Sample_Surface_Damage_Layer.png  used on input line 128.
(pdftex.def)             Requested size: 362.37569pt x 724.94801pt.


LaTeX Warning: Float too large for page by 109.27446pt on input line 131.

LaTeX Font Info:    External font `cmex10' loaded for size
(Font)              <17.28> on input line 134.
[5]
<chapters/mechpol/src/../doc/figs/VTS_Test_Graph.png, id=42, 244.63396pt x 512.09317pt>
File: chapters/mechpol/src/../doc/figs/VTS_Test_Graph.png Graphic file (type png)
<use chapters/mechpol/src/../doc/figs/VTS_Test_Graph.png>
Package pdftex.def Info: chapters/mechpol/src/../doc/figs/VTS_Test_Graph.png  used on input line 165.
(pdftex.def)             Requested size: 362.37569pt x 758.58147pt.


LaTeX Warning: Float too large for page by 157.40791pt on input line 168.

[6] [7]) [8] [9 <./chapters/mechpol/src/../doc/figs/Coupon_Cavity.png>] [10 <./chapters/mechpol/src/../doc/figs/Optical_Surface_Profiles.png>] [11 <./chapters/mechpol/src/../doc/figs/Surface_Roughness_Graph.png>] [12 <./chapters/mechpol/src/../doc/figs/Material_Removal_Graph.png> <./chapters/mechpol/src/../doc/figs/SEM_Images.png>] [13 <./chapters/mechpol/src/../doc/figs/Sample_Surface_Scratches.png>] [14 <./chapters/mechpol/src/../doc/figs/Sample_Surface_Damage_Layer.png>] [15 <./chapters/mechpol/src/../doc/figs/VTS_Test_Graph.png>]
Chapter 2.
(./chapters/recoating/paper/content.tex

LaTeX Warning: Citation `10.1063/1.4866013' on page 16 undefined on input line 4.


LaTeX Warning: Citation `10.1063/1.4960801' on page 16 undefined on input line 4.


LaTeX Warning: Citation `10.1063/5.0059464' on page 16 undefined on input line 4.


LaTeX Warning: Citation `10.1063/5.0063379' on page 16 undefined on input line 4.


LaTeX Warning: Citation `10.1063/1.4913617' on page 16 undefined on input line 4.


LaTeX Warning: Citation `10.1063/1.4913247' on page 16 undefined on input line 4.


LaTeX Warning: Citation `eremeev2023preservation' on page 16 undefined on input line 6.


LaTeX Warning: Citation `eremeev:srf2019-mop015' on page 16 undefined on input line 6.


LaTeX Warning: Citation `viklund2024improving' on page 16 undefined on input line 8.

[16

]

LaTeX Warning: Citation `eremeev2023preservation' on page 17 undefined on input line 16.


LaTeX Warning: Citation `eremeev:srf2019-mop015' on page 17 undefined on input line 16.

<chapters/recoating/paper/./figures/VTS.png, id=87, 734.0223pt x 170.5572pt>
File: chapters/recoating/paper/./figures/VTS.png Graphic file (type png)
<use chapters/recoating/paper/./figures/VTS.png>
Package pdftex.def Info: chapters/recoating/paper/./figures/VTS.png  used on input line 27.
(pdftex.def)             Requested size: 452.9679pt x 105.25249pt.
<chapters/recoating/paper/./figures/TMAP.png, id=88, 489.2679pt x 455.0601pt>
File: chapters/recoating/paper/./figures/TMAP.png Graphic file (type png)
<use chapters/recoating/paper/./figures/TMAP.png>
Package pdftex.def Info: chapters/recoating/paper/./figures/TMAP.png  used on input line 34.
(pdftex.def)             Requested size: 489.2667pt x 455.05899pt.

Overfull \hbox (36.2988pt too wide) in paragraph at lines 34--35
 [][] 
 []


LaTeX Warning: `h' float specifier changed to `ht'.


LaTeX Warning: Citation `eremeev2023preservation' on page 17 undefined on input line 39.


LaTeX Warning: Citation `eremeev:srf2019-mop015' on page 17 undefined on input line 39.


LaTeX Warning: Citation `viklund2024improving' on page 17 undefined on input line 39.

[17 <./chapters/recoating/paper/./figures/VTS.png>] [18]
<chapters/recoating/paper/./figures/SEM/SEM.png, id=97, 489.2679pt x 341.3553pt>
File: chapters/recoating/paper/./figures/SEM/SEM.png Graphic file (type png)
<use chapters/recoating/paper/./figures/SEM/SEM.png>
Package pdftex.def Info: chapters/recoating/paper/./figures/SEM/SEM.png  used on input line 53.
(pdftex.def)             Requested size: 489.2667pt x 341.35445pt.

Overfull \hbox (36.2988pt too wide) in paragraph at lines 53--54
[][] 
 []

<chapters/recoating/paper/./figures/EDS/EDS.png, id=98, 462.528pt x 346.896pt>
File: chapters/recoating/paper/./figures/EDS/EDS.png Graphic file (type png)
<use chapters/recoating/paper/./figures/EDS/EDS.png>
Package pdftex.def Info: chapters/recoating/paper/./figures/EDS/EDS.png  used on input line 60.
(pdftex.def)             Requested size: 462.52686pt x 346.89514pt.

Overfull \hbox (9.55896pt too wide) in paragraph at lines 60--61
[][] 
 []


LaTeX Warning: Citation `viklund2024improving' on page 19 undefined on input line 69.


LaTeX Warning: Citation `Sloof2007' on page 19 undefined on input line 71.

[19]) (./thesis.bbl [20] [21 <./chapters/recoating/paper/./figures/TMAP.png>] [22 <./chapters/recoating/paper/./figures/SEM/SEM.png>] [23 <./chapters/recoating/paper/./figures/EDS/EDS.png>] [24

] [25]) [26] (./thesis.aux)
 ***********
LaTeX2e <2023-11-01> patch level 1
L3 programming layer <2024-03-14>
 ***********


LaTeX Warning: There were undefined references.


LaTeX Warning: There were multiply-defined labels.

 ) 
Here is how much of TeX's memory you used:
 6588 strings out of 474103
 167230 string characters out of 5747481
 1941496 words of memory out of 5000000
 28923 multiletter control sequences out of 15000+600000
 565828 words of font info for 61 fonts, out of 8000000 for 9000
 1141 hyphenation exceptions out of 8191
 73i,6n,85p,1466b,681s stack positions out of 10000i,1000n,20000p,200000b,200000s
<c:/texlive/2024/texmf-dist/fonts/type1/public/amsfonts/cm/cmbx10.pfb><c:/texlive/2024/texmf-dist/fonts/type1/public/amsfonts/cm/cmbx12.pfb><c:/texlive/2024/texmf-dist/fonts/type1/public/amsfonts/cm/cmmi12.pfb><c:/texlive/2024/texmf-dist/fonts/type1/public/amsfonts/cm/cmr12.pfb><c:/texlive/2024/texmf-dist/fonts/type1/public/amsfonts/cm/cmr8.pfb><c:/texlive/2024/texmf-dist/fonts/type1/public/amsfonts/cm/cmsy10.pfb><c:/texlive/2024/texmf-dist/fonts/type1/public/amsfonts/cm/cmsy8.pfb><c:/texlive/2024/texmf-dist/fonts/type1/public/amsfonts/cm/cmti12.pfb><c:/texlive/2024/texmf-dist/fonts/type1/public/cm-super/sfrm1200.pfb>
Output written on thesis.pdf (29 pages, 42786798 bytes).
PDF statistics:
 168 PDF objects out of 1000 (max. 8388607)
 94 compressed objects within 1 object stream
 0 named destinations out of 1000 (max. 500000)
 61 words of extra memory for PDF output out of 10000 (max. 10000000)

